2026/01/13 11:19:23.215948 Messages: {5ea82f807468d5567e632fa3 61d320d958c0fc1839dc2f9c}
2026/01/13 11:19:23.230357 Messages: {}
2026/01/13 11:19:23.235971 Getting entries
2026/01/13 11:19:23.429449 Entries Count 50
2026/01/13 11:19:23.435804 Messages: {[{%!s(bool=true) {%!s(int32=0) } [] SLA-1234 {%!s(int32=0) } 695d7c2f59abef25ca2bb624 %!s(bool=false)  5ea833257468d5567e6339ce []  {PT1H 2026-01-06T21:00:00Z 2026-01-06T20:00:00Z} REGULAR 61d320d958c0fc1839dc2f9c 5ea82f807468d5567e632fa3} {%!s(bool=true) {%!s(int32=0) } [] sla-1234 {%!s(int32=0) } 695d88032080383d08c4d1dd %!s(bool=false)  5ea833257468d5567e6339ce []  {PT7H 2026-01-06T21:00:00Z 2026-01-06T14:00:00Z} REGULAR 61d320d958c0fc1839dc2f9c 5ea82f807468d5567e632fa3} {%!s(bool=false) {%!s(int32=0) } [] sla-1234 {%!s(int32=0) } 695d36b159abef25ca1ec734 %!s(bool=false)  6442e430b958c4718382d2cc []  {PT8H 2026-01-06T22:00:00Z 2026-01-06T14:00:00Z} REGULAR 61d320d958c0fc1839dc2f9c 5ea82f807468d5567e632fa3} {%!s(bool=false) {%!s(int32=0) } []  {%!s(int32=0) } 665a3005613c0127ce4af4be %!s(bool=false)  6442e4224d88e14c25a2eacc []  {PT8H 2024-05-31T21:00:00Z 2024-05-31T13:00:00Z} REGULAR 61d320d958c0fc1839dc2f9c 5ea82f807468d5567e632fa3} {%!s(bool=false) {%!s(int32=0) } []  {%!s(int32=0) } 665a300409d7ac299fe02408 %!s(bool=false)  6442e4224d88e14c25a2eacc []  {PT8H 2024-05-30T21:00:00Z 2024-05-30T13:00:00Z} REGULAR 61d320d958c0fc1839dc2f9c 5ea82f807468d5567e632fa3} {%!s(bool=false) {%!s(int32=0) } []  {%!s(int32=0) } 665a30043dae6d2e9d2b5458 %!s(bool=false)  6442e4224d88e14c25a2eacc []  {PT8H 2024-05-29T21:00:00Z 2024-05-29T13:00:00Z} REGULAR 61d320d958c0fc1839dc2f9c 5ea82f807468d5567e632fa3} {%!s(bool=false) {%!s(int32=0) } []  {%!s(int32=0) } 665a3004613c0127ce4af493 %!s(bool=false)  6442e4224d88e14c25a2eacc []  {PT8H 2024-05-28T21:00:00Z 2024-05-28T13:00:00Z} REGULAR 61d320d958c0fc1839dc2f9c 5ea82f807468d5567e632fa3} {%!s(bool=false) {%!s(int32=0) } []  {%!s(int32=0) } 665a3004472314478c2cb9f1 %!s(bool=false)  6442e4224d88e14c25a2eacc []  {PT8H 2024-05-27T21:00:00Z 2024-05-27T13:00:00Z} REGULAR 61d320d958c0fc1839dc2f9c 5ea82f807468d5567e632fa3} {%!s(bool=false) {%!s(int32=0) } []  {%!s(int32=0) } 665a2ffc3dae6d2e9d2b53ab %!s(bool=false)  6442e4224d88e14c25a2eacc []  {PT8H 2024-05-24T21:00:00Z 2024-05-24T13:00:00Z} REGULAR 61d320d958c0fc1839dc2f9c 5ea82f807468d5567e632fa3} {%!s(bool=false) {%!s(int32=0) } []  {%!s(int32=0) } 665a2ffc10ef4024e8e657a6 %!s(bool=false)  6442e4224d88e14c25a2eacc []  {PT8H 2024-05-23T21:00:00Z 2024-05-23T13:00:00Z} REGULAR 61d320d958c0fc1839dc2f9c 5ea82f807468d5567e632fa3} {%!s(bool=false) {%!s(int32=0) } []  {%!s(int32=0) } 665a2ffc85d0d5797bf3ff87 %!s(bool=false)  6442e4224d88e14c25a2eacc []  {PT8H 2024-05-22T21:00:00Z 2024-05-22T13:00:00Z} REGULAR 61d320d958c0fc1839dc2f9c 5ea82f807468d5567e632fa3} {%!s(bool=false) {%!s(int32=0) } []  {%!s(int32=0) } 665a2ffb34646f688364114b %!s(bool=false)  6442e4224d88e14c25a2eacc []  {PT8H 2024-05-21T21:00:00Z 2024-05-21T13:00:00Z} REGULAR 61d320d958c0fc1839dc2f9c 5ea82f807468d5567e632fa3} {%!s(bool=false) {%!s(int32=0) } []  {%!s(int32=0) } 665a2ffb472314478c2cb938 %!s(bool=false)  6442e4224d88e14c25a2eacc []  {PT8H 2024-05-20T21:00:00Z 2024-05-20T13:00:00Z} REGULAR 61d320d958c0fc1839dc2f9c 5ea82f807468d5567e632fa3} {%!s(bool=false) {%!s(int32=0) } []  {%!s(int32=0) } 665a2ff534f58151babfe076 %!s(bool=false)  6442e4224d88e14c25a2eacc []  {PT8H 2024-05-17T21:00:00Z 2024-05-17T13:00:00Z} REGULAR 61d320d958c0fc1839dc2f9c 5ea82f807468d5567e632fa3} {%!s(bool=false) {%!s(int32=0) } []  {%!s(int32=0) } 665a2ff534646f68836410ce %!s(bool=false)  6442e4224d88e14c25a2eacc []  {PT8H 2024-05-16T21:00:00Z 2024-05-16T13:00:00Z} REGULAR 61d320d958c0fc1839dc2f9c 5ea82f807468d5567e632fa3} {%!s(bool=false) {%!s(int32=0) } []  {%!s(int32=0) } 665a2ff534f58151babfe068 %!s(bool=false)  6442e4224d88e14c25a2eacc []  {PT8H 2024-05-15T21:00:00Z 2024-05-15T13:00:00Z} REGULAR 61d320d958c0fc1839dc2f9c 5ea82f807468d5567e632fa3} {%!s(bool=false) {%!s(int32=0) } []  {%!s(int32=0) } 665a2ff409d7ac299fe022f5 %!s(bool=false)  6442e4224d88e14c25a2eacc []  {PT8H 2024-05-14T21:00:00Z 2024-05-14T13:00:00Z} REGULAR 61d320d958c0fc1839dc2f9c 5ea82f807468d5567e632fa3} {%!s(bool=false) {%!s(int32=0) } []  {%!s(int32=0) } 665a2ff434f58151babfe064 %!s(bool=false)  6442e4224d88e14c25a2eacc []  {PT8H 2024-05-13T21:00:00Z 2024-05-13T13:00:00Z} REGULAR 61d320d958c0fc1839dc2f9c 5ea82f807468d5567e632fa3} {%!s(bool=false) {%!s(int32=0) } []  {%!s(int32=0) } 665a2fee09d7ac299fe0226b %!s(bool=false)  6442e4224d88e14c25a2eacc []  {PT8H 2024-05-10T21:00:00Z 2024-05-10T13:00:00Z} REGULAR 61d320d958c0fc1839dc2f9c 5ea82f807468d5567e632fa3} {%!s(bool=false) {%!s(int32=0) } []  {%!s(int32=0) } 665a2fed613c0127ce4af2c8 %!s(bool=false)  6442e4224d88e14c25a2eacc []  {PT8H 2024-05-09T21:00:00Z 2024-05-09T13:00:00Z} REGULAR 61d320d958c0fc1839dc2f9c 5ea82f807468d5567e632fa3} {%!s(bool=false) {%!s(int32=0) } []  {%!s(int32=0) } 665a2fed09d7ac299fe0223d %!s(bool=false)  6442e4224d88e14c25a2eacc []  {PT8H 2024-05-08T21:00:00Z 2024-05-08T13:00:00Z} REGULAR 61d320d958c0fc1839dc2f9c 5ea82f807468d5567e632fa3} {%!s(bool=false) {%!s(int32=0) } []  {%!s(int32=0) } 665a2feddc2d1e234b26bbad %!s(bool=false)  6442e4224d88e14c25a2eacc []  {PT8H 2024-05-07T21:00:00Z 2024-05-07T13:00:00Z} REGULAR 61d320d958c0fc1839dc2f9c 5ea82f807468d5567e632fa3} {%!s(bool=false) {%!s(int32=0) } []  {%!s(int32=0) } 665a2fed34646f6883641011 %!s(bool=false)  6442e4224d88e14c25a2eacc []  {PT8H 2024-05-06T21:00:00Z 2024-05-06T13:00:00Z} REGULAR 61d320d958c0fc1839dc2f9c 5ea82f807468d5567e632fa3} {%!s(bool=false) {%!s(int32=0) } []  {%!s(int32=0) } 665a2fe1dc2d1e234b26baf7 %!s(bool=false)  6442e4224d88e14c25a2eacc []  {PT8H 2024-05-03T21:00:00Z 2024-05-03T13:00:00Z} REGULAR 61d320d958c0fc1839dc2f9c 5ea82f807468d5567e632fa3} {%!s(bool=false) {%!s(int32=0) } []  {%!s(int32=0) } 665a2fe185d0d5797bf3fd9e %!s(bool=false)  6442e4224d88e14c25a2eacc []  {PT8H 2024-05-02T21:00:00Z 2024-05-02T13:00:00Z} REGULAR 61d320d958c0fc1839dc2f9c 5ea82f807468d5567e632fa3} {%!s(bool=false) {%!s(int32=0) } []  {%!s(int32=0) } 665a2fe109d7ac299fe02130 %!s(bool=false)  6442e4224d88e14c25a2eacc []  {PT8H 2024-05-01T21:00:00Z 2024-05-01T13:00:00Z} REGULAR 61d320d958c0fc1839dc2f9c 5ea82f807468d5567e632fa3} {%!s(bool=false) {%!s(int32=0) } []  {%!s(int32=0) } 665a2fe085d0d5797bf3fd88 %!s(bool=false)  6442e4224d88e14c25a2eacc []  {PT8H 2024-04-30T21:00:00Z 2024-04-30T13:00:00Z} REGULAR 61d320d958c0fc1839dc2f9c 5ea82f807468d5567e632fa3} {%!s(bool=false) {%!s(int32=0) } []  {%!s(int32=0) } 665a2fe085d0d5797bf3fd7b %!s(bool=false)  6442e4224d88e14c25a2eacc []  {PT8H 2024-04-29T21:00:00Z 2024-04-29T13:00:00Z} REGULAR 61d320d958c0fc1839dc2f9c 5ea82f807468d5567e632fa3} {%!s(bool=false) {%!s(int32=0) } []  {%!s(int32=0) } 665a2fcb472314478c2cb5b0 %!s(bool=false)  6442e4224d88e14c25a2eacc []  {PT8H 2024-04-26T21:00:00Z 2024-04-26T13:00:00Z} REGULAR 61d320d958c0fc1839dc2f9c 5ea82f807468d5567e632fa3} {%!s(bool=false) {%!s(int32=0) } []  {%!s(int32=0) } 665a2fc93dae6d2e9d2b4f12 %!s(bool=false)  6442e4224d88e14c25a2eacc []  {PT8H 2024-04-25T21:00:00Z 2024-04-25T13:00:00Z} REGULAR 61d320d958c0fc1839dc2f9c 5ea82f807468d5567e632fa3} {%!s(bool=false) {%!s(int32=0) } []  {%!s(int32=0) } 665a2fc810ef4024e8e6533c %!s(bool=false)  6442e4224d88e14c25a2eacc []  {PT8H 2024-04-24T21:00:00Z 2024-04-24T13:00:00Z} REGULAR 61d320d958c0fc1839dc2f9c 5ea82f807468d5567e632fa3} {%!s(bool=false) {%!s(int32=0) } []  {%!s(int32=0) } 665a2fc834f58151babfdce1 %!s(bool=false)  6442e4224d88e14c25a2eacc []  {PT8H 2024-04-23T21:00:00Z 2024-04-23T13:00:00Z} REGULAR 61d320d958c0fc1839dc2f9c 5ea82f807468d5567e632fa3} {%!s(bool=false) {%!s(int32=0) } []  {%!s(int32=0) } 665a2fc7dc2d1e234b26b8ce %!s(bool=false)  6442e4224d88e14c25a2eacc []  {PT8H 2024-04-22T21:00:00Z 2024-04-22T13:00:00Z} REGULAR 61d320d958c0fc1839dc2f9c 5ea82f807468d5567e632fa3} {%!s(bool=false) {%!s(int32=0) } []  {%!s(int32=0) } 665a2fc0dc2d1e234b26b810 %!s(bool=false)  6442e4224d88e14c25a2eacc []  {PT8H 2024-04-19T21:00:00Z 2024-04-19T13:00:00Z} REGULAR 61d320d958c0fc1839dc2f9c 5ea82f807468d5567e632fa3} {%!s(bool=false) {%!s(int32=0) } []  {%!s(int32=0) } 665a2fbf85d0d5797bf3fa69 %!s(bool=false)  6442e4224d88e14c25a2eacc []  {PT8H 2024-04-18T21:00:00Z 2024-04-18T13:00:00Z} REGULAR 61d320d958c0fc1839dc2f9c 5ea82f807468d5567e632fa3} {%!s(bool=false) {%!s(int32=0) } []  {%!s(int32=0) } 665a2fbedc2d1e234b26b7d7 %!s(bool=false)  6442e4224d88e14c25a2eacc []  {PT8H 2024-04-17T21:00:00Z 2024-04-17T13:00:00Z} REGULAR 61d320d958c0fc1839dc2f9c 5ea82f807468d5567e632fa3} {%!s(bool=false) {%!s(int32=0) } []  {%!s(int32=0) } 665a2fbd10ef4024e8e65254 %!s(bool=false)  6442e4224d88e14c25a2eacc []  {PT8H 2024-04-16T21:00:00Z 2024-04-16T13:00:00Z} REGULAR 61d320d958c0fc1839dc2f9c 5ea82f807468d5567e632fa3} {%!s(bool=false) {%!s(int32=0) } []  {%!s(int32=0) } 665a2fbc10ef4024e8e6523c %!s(bool=false)  6442e4224d88e14c25a2eacc []  {PT8H 2024-04-15T21:00:00Z 2024-04-15T13:00:00Z} REGULAR 61d320d958c0fc1839dc2f9c 5ea82f807468d5567e632fa3} {%!s(bool=false) {%!s(int32=0) } []  {%!s(int32=0) } 665a2fb585d0d5797bf3f9bc %!s(bool=false)  6442e4224d88e14c25a2eacc []  {PT8H 2024-04-12T21:00:00Z 2024-04-12T13:00:00Z} REGULAR 61d320d958c0fc1839dc2f9c 5ea82f807468d5567e632fa3} {%!s(bool=false) {%!s(int32=0) } []  {%!s(int32=0) } 665a2fb310ef4024e8e6514e %!s(bool=false)  6442e4224d88e14c25a2eacc []  {PT8H 2024-04-11T21:00:00Z 2024-04-11T13:00:00Z} REGULAR 61d320d958c0fc1839dc2f9c 5ea82f807468d5567e632fa3} {%!s(bool=false) {%!s(int32=0) } []  {%!s(int32=0) } 665a2fb209d7ac299fe01d5f %!s(bool=false)  6442e4224d88e14c25a2eacc []  {PT8H 2024-04-10T21:00:00Z 2024-04-10T13:00:00Z} REGULAR 61d320d958c0fc1839dc2f9c 5ea82f807468d5567e632fa3} {%!s(bool=false) {%!s(int32=0) } []  {%!s(int32=0) } 665a2fb13dae6d2e9d2b4d3f %!s(bool=false)  6442e4224d88e14c25a2eacc []  {PT8H 2024-04-09T21:00:00Z 2024-04-09T13:00:00Z} REGULAR 61d320d958c0fc1839dc2f9c 5ea82f807468d5567e632fa3} {%!s(bool=false) {%!s(int32=0) } []  {%!s(int32=0) } 665a2fb1613c0127ce4aede7 %!s(bool=false)  6442e4224d88e14c25a2eacc []  {PT8H 2024-04-08T21:00:00Z 2024-04-08T13:00:00Z} REGULAR 61d320d958c0fc1839dc2f9c 5ea82f807468d5567e632fa3} {%!s(bool=false) {%!s(int32=0) } []  {%!s(int32=0) } 665a2fa285d0d5797bf3f837 %!s(bool=false)  6442e4224d88e14c25a2eacc []  {PT8H 2024-04-05T21:00:00Z 2024-04-05T13:00:00Z} REGULAR 61d320d958c0fc1839dc2f9c 5ea82f807468d5567e632fa3} {%!s(bool=false) {%!s(int32=0) } []  {%!s(int32=0) } 665a2f9f472314478c2cb1d3 %!s(bool=false)  6442e4224d88e14c25a2eacc []  {PT8H 2024-04-04T21:00:00Z 2024-04-04T13:00:00Z} REGULAR 61d320d958c0fc1839dc2f9c 5ea82f807468d5567e632fa3} {%!s(bool=false) {%!s(int32=0) } []  {%!s(int32=0) } 665a2f9edc2d1e234b26b551 %!s(bool=false)  6442e4224d88e14c25a2eacc []  {PT8H 2024-04-03T21:00:00Z 2024-04-03T13:00:00Z} REGULAR 61d320d958c0fc1839dc2f9c 5ea82f807468d5567e632fa3} {%!s(bool=false) {%!s(int32=0) } []  {%!s(int32=0) } 665a2f9ddc2d1e234b26b538 %!s(bool=false)  6442e4224d88e14c25a2eacc []  {PT8H 2024-04-02T21:00:00Z 2024-04-02T13:00:00Z} REGULAR 61d320d958c0fc1839dc2f9c 5ea82f807468d5567e632fa3} {%!s(bool=false) {%!s(int32=0) } []  {%!s(int32=0) } 665a2f9c34646f68836408f2 %!s(bool=false)  6442e4224d88e14c25a2eacc []  {PT8H 2024-04-01T21:00:00Z 2024-04-01T13:00:00Z} REGULAR 61d320d958c0fc1839dc2f9c 5ea82f807468d5567e632fa3} {%!s(bool=false) {%!s(int32=0) } []  {%!s(int32=0) } 665a2f8e34f58151babfd815 %!s(bool=false)  6442e4224d88e14c25a2eacc []  {PT8H 2024-03-29T21:00:00Z 2024-03-29T13:00:00Z} REGULAR 61d320d958c0fc1839dc2f9c 5ea82f807468d5567e632fa3} {%!s(bool=false) {%!s(int32=0) } []  {%!s(int32=0) } 665a2f8b34646f688364077d %!s(bool=false)  6442e4224d88e14c25a2eacc []  {PT8H 2024-03-28T21:00:00Z 2024-03-28T13:00:00Z} REGULAR 61d320d958c0fc1839dc2f9c 5ea82f807468d5567e632fa3}]}
2026/01/13 11:19:23.954994 Messages: j
2026/01/13 11:19:24.614640 Messages: j
2026/01/13 11:19:24.787726 Messages: j
2026/01/13 11:19:25.665020 Messages: j
2026/01/13 11:19:25.845906 Messages: j
2026/01/13 11:19:26.050834 Messages: j
2026/01/13 11:19:26.387157 Messages: k
2026/01/13 11:19:26.564804 Messages: k
2026/01/13 11:19:26.724209 Messages: k
2026/01/13 11:19:26.880628 Messages: k
2026/01/13 11:19:27.056771 Messages: j
2026/01/13 11:19:27.479436 Messages: j
2026/01/13 11:19:27.508843 Messages: j
2026/01/13 11:19:27.548081 Messages: j
2026/01/13 11:19:27.579831 Messages: j
2026/01/13 11:19:27.613553 Messages: j
2026/01/13 11:19:27.648798 Messages: j
2026/01/13 11:19:27.678520 Messages: j
2026/01/13 11:19:27.713450 Messages: j
2026/01/13 11:19:27.747162 Messages: j
2026/01/13 11:19:27.783198 Messages: j
2026/01/13 11:19:27.815710 Messages: j
2026/01/13 11:19:27.849412 Messages: j
2026/01/13 11:19:27.882788 Messages: j
2026/01/13 11:19:27.918923 Messages: j
2026/01/13 11:19:27.947680 Messages: j
2026/01/13 11:19:27.984842 Messages: j
2026/01/13 11:19:28.023273 Messages: j
2026/01/13 11:19:28.059200 Messages: j
2026/01/13 11:19:28.092944 Messages: j
2026/01/13 11:19:28.123386 Messages: j
2026/01/13 11:19:28.158320 Messages: j
2026/01/13 11:19:28.193308 Messages: j
2026/01/13 11:19:28.225270 Messages: j
2026/01/13 11:19:28.310524 Messages: k
2026/01/13 11:19:28.728829 Messages: k
2026/01/13 11:19:28.759606 Messages: k
2026/01/13 11:19:28.795828 Messages: k
2026/01/13 11:19:28.826008 Messages: k
2026/01/13 11:19:28.862669 Messages: k
2026/01/13 11:19:28.894378 Messages: k
2026/01/13 11:19:28.929410 Messages: k
2026/01/13 11:19:28.961336 Messages: k
2026/01/13 11:19:28.997106 Messages: k
2026/01/13 11:19:29.033256 Messages: k
2026/01/13 11:19:29.060971 Messages: k
2026/01/13 11:19:29.096422 Messages: k
2026/01/13 11:19:29.137747 Messages: k
2026/01/13 11:19:29.165607 Messages: k
2026/01/13 11:19:29.199938 Messages: k
2026/01/13 11:19:29.233061 Messages: k
2026/01/13 11:19:29.266426 Messages: k
2026/01/13 11:19:29.304058 Messages: k
2026/01/13 11:19:29.342713 Messages: k
2026/01/13 11:19:29.374518 Messages: k
2026/01/13 11:19:29.405790 Messages: k
2026/01/13 11:19:29.442563 Messages: k
2026/01/13 11:19:29.474701 Messages: k
2026/01/13 11:19:29.508143 Messages: k
2026/01/13 11:19:29.542837 Messages: k
2026/01/13 11:19:29.576709 Messages: k
2026/01/13 11:19:29.610098 Messages: k
2026/01/13 11:19:29.641571 Messages: k
2026/01/13 11:19:29.964664 Messages: j
2026/01/13 11:19:30.223429 Messages: j
2026/01/13 11:19:30.435288 Messages: j
2026/01/13 11:19:30.618714 Messages: j
2026/01/13 11:19:31.032109 Messages: j
2026/01/13 11:19:31.070750 Messages: j
2026/01/13 11:19:31.180890 Messages: j
2026/01/13 11:19:31.358287 Messages: j
2026/01/13 11:19:31.561129 Messages: j
2026/01/13 11:19:31.739059 Messages: j
2026/01/13 11:19:31.941752 Messages: j
2026/01/13 11:19:32.119194 Messages: j
2026/01/13 11:19:32.313094 Messages: j
2026/01/13 11:19:32.523593 Messages: j
2026/01/13 11:19:32.706169 Messages: j
2026/01/13 11:19:33.123353 Messages: j
2026/01/13 11:19:33.160914 Messages: j
2026/01/13 11:19:33.193081 Messages: j
2026/01/13 11:19:33.226156 Messages: j
2026/01/13 11:19:33.260866 Messages: j
2026/01/13 11:19:33.293685 Messages: j
2026/01/13 11:19:33.326756 Messages: j
2026/01/13 11:19:33.359802 Messages: j
2026/01/13 11:19:33.393700 Messages: j
2026/01/13 11:19:33.428807 Messages: j
2026/01/13 11:19:33.460632 Messages: j
2026/01/13 11:19:33.494160 Messages: j
2026/01/13 11:19:33.525740 Messages: j
2026/01/13 11:19:33.560918 Messages: j
2026/01/13 11:19:33.596402 Messages: j
2026/01/13 11:19:33.627331 Messages: j
2026/01/13 11:19:33.662927 Messages: j
2026/01/13 11:19:33.695463 Messages: j
2026/01/13 11:19:33.730238 Messages: j
2026/01/13 11:19:33.763571 Messages: j
2026/01/13 11:19:33.799760 Messages: j
2026/01/13 11:19:33.831036 Messages: j
2026/01/13 11:19:33.865924 Messages: j
2026/01/13 11:19:33.898073 Messages: j
2026/01/13 11:19:33.931416 Messages: j
2026/01/13 11:19:33.969806 Messages: j
2026/01/13 11:19:34.005616 Messages: j
2026/01/13 11:19:34.042767 Messages: j
2026/01/13 11:19:34.075988 Messages: j
2026/01/13 11:19:34.106150 Messages: j
2026/01/13 11:19:34.142962 Messages: j
2026/01/13 11:19:34.171672 Messages: j
2026/01/13 11:19:34.206261 Messages: j
2026/01/13 11:19:34.239422 Messages: j
2026/01/13 11:19:34.276486 Messages: j
2026/01/13 11:19:34.309690 Messages: j
2026/01/13 11:19:34.339247 Messages: j
2026/01/13 11:19:34.372632 Messages: j
2026/01/13 11:19:34.406201 Messages: j
2026/01/13 11:19:34.438037 Messages: j
2026/01/13 11:19:34.471397 Messages: j
2026/01/13 11:19:34.503985 Messages: j
2026/01/13 11:19:34.537657 Messages: j
2026/01/13 11:19:34.570897 Messages: j
2026/01/13 11:19:34.605689 Messages: j
2026/01/13 11:19:34.639021 Messages: j
2026/01/13 11:19:34.757387 Messages: k
2026/01/13 11:19:35.171765 Messages: k
2026/01/13 11:19:35.206686 Messages: k
2026/01/13 11:19:35.234940 Messages: k
2026/01/13 11:19:35.275498 Messages: k
2026/01/13 11:19:35.307210 Messages: k
2026/01/13 11:19:35.342983 Messages: k
2026/01/13 11:19:35.375694 Messages: k
2026/01/13 11:19:35.411964 Messages: k
2026/01/13 11:19:35.445352 Messages: k
2026/01/13 11:19:35.475653 Messages: k
2026/01/13 11:19:35.507894 Messages: k
2026/01/13 11:19:35.542233 Messages: k
2026/01/13 11:19:35.577647 Messages: k
2026/01/13 11:19:35.612574 Messages: k
2026/01/13 11:19:35.644904 Messages: k
2026/01/13 11:19:35.677235 Messages: k
2026/01/13 11:19:35.711322 Messages: k
2026/01/13 11:19:35.744049 Messages: k
2026/01/13 11:19:35.781626 Messages: k
2026/01/13 11:19:35.809873 Messages: k
2026/01/13 11:19:35.845476 Messages: k
2026/01/13 11:19:35.878502 Messages: k
2026/01/13 11:19:35.914295 Messages: k
2026/01/13 11:19:35.946778 Messages: k
2026/01/13 11:19:35.982070 Messages: k
2026/01/13 11:19:36.014908 Messages: k
2026/01/13 11:19:36.050750 Messages: k
2026/01/13 11:19:36.089987 Messages: k
2026/01/13 11:19:36.123200 Messages: k
2026/01/13 11:19:36.158852 Messages: k
2026/01/13 11:19:36.189903 Messages: k
2026/01/13 11:19:36.225735 Messages: k
2026/01/13 11:19:36.254043 Messages: k
2026/01/13 11:19:36.288156 Messages: k
2026/01/13 11:19:36.322438 Messages: k
2026/01/13 11:19:36.354737 Messages: k
2026/01/13 11:19:36.393988 Messages: k
2026/01/13 11:19:36.423697 Messages: k
2026/01/13 11:19:36.459146 Messages: k
2026/01/13 11:19:36.490368 Messages: k
2026/01/13 11:19:36.524128 Messages: k
2026/01/13 11:19:36.563463 Messages: k
2026/01/13 11:19:36.590525 Messages: k
2026/01/13 11:19:36.621644 Messages: k
2026/01/13 11:19:36.658354 Messages: k
2026/01/13 11:19:36.693049 Messages: k
2026/01/13 11:19:36.722375 Messages: k
2026/01/13 11:19:36.754242 Messages: k
2026/01/13 11:19:36.793287 Messages: k
2026/01/13 11:19:36.825011 Messages: k
2026/01/13 11:19:36.857516 Messages: k
2026/01/13 11:19:36.889341 Messages: k
2026/01/13 11:19:36.920869 Messages: k
2026/01/13 11:19:36.954130 Messages: k
2026/01/13 11:19:37.206030 Messages: j
2026/01/13 11:19:37.364134 Messages: j
2026/01/13 11:19:37.556454 Messages: j
